2021-04-22 13:47:46.454 [main] INFO  com.hospital.managementsystem.App - Starting App on LAPTOP-S7SVM9NQ with PID 11824 (D:\AHSecurityApp\hospital-medical-record-management-system-server\target\classes started by lenovo in D:\AHSecurityApp\hospital-medical-record-management-system-server)
2021-04-22 13:47:46.458 [main] INFO  com.hospital.managementsystem.App - No active profile set, falling back to default profiles: default
2021-04-22 13:47:49.378 [main] INFO  o.s.b.w.e.tomcat.TomcatWebServer - Tomcat initialized with port(s): 8080 (http)
2021-04-22 13:47:49.407 [main] INFO  o.a.coyote.http11.Http11NioProtocol - Initializing ProtocolHandler ["http-nio-8080"]
2021-04-22 13:47:49.409 [main] INFO  o.a.catalina.core.StandardService - Starting service [Tomcat]
2021-04-22 13:47:49.411 [main] INFO  o.a.catalina.core.StandardEngine - Starting Servlet engine: [Apache Tomcat/9.0.37]
2021-04-22 13:47:49.417 [main] INFO  o.a.c.core.AprLifecycleListener - An older version [1.2.21] of the Apache Tomcat Native library is installed, while Tomcat recommends a minimum version of [1.2.23]
2021-04-22 13:47:49.418 [main] INFO  o.a.c.core.AprLifecycleListener - Loaded Apache Tomcat Native library [1.2.21] using APR version [1.6.5].
2021-04-22 13:47:49.418 [main] INFO  o.a.c.core.AprLifecycleListener - APR capabilities: IPv6 [true], sendfile [true], accept filters [false], random [true].
2021-04-22 13:47:49.419 [main] INFO  o.a.c.core.AprLifecycleListener - APR/OpenSSL configuration: useAprConnector [false], useOpenSSL [true]
2021-04-22 13:47:51.219 [main] INFO  o.a.c.core.AprLifecycleListener - OpenSSL successfully initialized [OpenSSL 1.0.2q  20 Nov 2018]
2021-04-22 13:47:51.577 [main] INFO  o.a.c.c.C.[Tomcat].[localhost].[/] - Initializing Spring embedded WebApplicationContext
2021-04-22 13:47:51.578 [main] INFO  o.s.b.w.s.c.ServletWebServerApplicationContext - Root WebApplicationContext: initialization completed in 4991 ms
2021-04-22 13:47:52.347 [main] INFO  o.s.s.c.ThreadPoolTaskExecutor - Initializing ExecutorService 'applicationTaskExecutor'
2021-04-22 13:47:52.618 [main] INFO  o.a.coyote.http11.Http11NioProtocol - Starting ProtocolHandler ["http-nio-8080"]
2021-04-22 13:47:52.687 [main] INFO  o.s.b.w.e.tomcat.TomcatWebServer - Tomcat started on port(s): 8080 (http) with context path ''
2021-04-22 13:47:52.746 [main] INFO  com.hospital.managementsystem.App - Started App in 7.389 seconds (JVM running for 15.757)
2021-04-22 17:57:11.980 [main] INFO  com.hospital.managementsystem.App - Starting App on LAPTOP-S7SVM9NQ with PID 22924 (D:\AHSecurityApp\hospital-medical-record-management-system-server\target\classes started by lenovo in D:\AHSecurityApp\hospital-medical-record-management-system-server)
2021-04-22 17:57:11.984 [main] INFO  com.hospital.managementsystem.App - The following profiles are active: dev
2021-04-22 17:57:30.823 [main] INFO  com.hospital.managementsystem.App - Starting App on LAPTOP-S7SVM9NQ with PID 17908 (D:\AHSecurityApp\hospital-medical-record-management-system-server\target\classes started by lenovo in D:\AHSecurityApp\hospital-medical-record-management-system-server)
2021-04-22 17:57:30.837 [main] INFO  com.hospital.managementsystem.App - The following profiles are active: dev
2021-04-22 17:57:32.647 [main] INFO  o.s.b.w.e.tomcat.TomcatWebServer - Tomcat initialized with port(s): 8080 (http)
2021-04-22 17:57:32.661 [main] INFO  o.a.coyote.http11.Http11NioProtocol - Initializing ProtocolHandler ["http-nio-8080"]
2021-04-22 17:57:32.662 [main] INFO  o.a.catalina.core.StandardService - Starting service [Tomcat]
2021-04-22 17:57:32.662 [main] INFO  o.a.catalina.core.StandardEngine - Starting Servlet engine: [Apache Tomcat/9.0.37]
2021-04-22 17:57:32.665 [main] INFO  o.a.c.core.AprLifecycleListener - An older version [1.2.21] of the Apache Tomcat Native library is installed, while Tomcat recommends a minimum version of [1.2.23]
2021-04-22 17:57:32.666 [main] INFO  o.a.c.core.AprLifecycleListener - Loaded Apache Tomcat Native library [1.2.21] using APR version [1.6.5].
2021-04-22 17:57:32.666 [main] INFO  o.a.c.core.AprLifecycleListener - APR capabilities: IPv6 [true], sendfile [true], accept filters [false], random [true].
2021-04-22 17:57:32.667 [main] INFO  o.a.c.core.AprLifecycleListener - APR/OpenSSL configuration: useAprConnector [false], useOpenSSL [true]
2021-04-22 17:57:33.811 [main] INFO  o.a.c.core.AprLifecycleListener - OpenSSL successfully initialized [OpenSSL 1.0.2q  20 Nov 2018]
2021-04-22 17:57:33.936 [main] INFO  o.a.c.c.C.[Tomcat].[localhost].[/] - Initializing Spring embedded WebApplicationContext
2021-04-22 17:57:33.937 [main] INFO  o.s.b.w.s.c.ServletWebServerApplicationContext - Root WebApplicationContext: initialization completed in 2951 ms
2021-04-22 17:57:34.743 [main] INFO  o.s.s.c.ThreadPoolTaskExecutor - Initializing ExecutorService 'applicationTaskExecutor'
2021-04-22 17:57:35.043 [main] INFO  o.a.coyote.http11.Http11NioProtocol - Starting ProtocolHandler ["http-nio-8080"]
2021-04-22 17:57:35.087 [main] INFO  o.s.b.w.e.tomcat.TomcatWebServer - Tomcat started on port(s): 8080 (http) with context path ''
2021-04-22 17:57:35.136 [main] INFO  com.hospital.managementsystem.App - Started App in 5.308 seconds (JVM running for 8.735)
2021-04-22 17:57:47.467 [http-nio-8080-exec-2] INFO  o.a.c.c.C.[Tomcat].[localhost].[/] - Initializing Spring DispatcherServlet 'dispatcherServlet'
2021-04-22 17:57:47.468 [http-nio-8080-exec-2] INFO  o.s.web.servlet.DispatcherServlet - Initializing Servlet 'dispatcherServlet'
2021-04-22 17:57:47.484 [http-nio-8080-exec-2] INFO  o.s.web.servlet.DispatcherServlet - Completed initialization in 16 ms
2021-04-22 17:57:58.007 [http-nio-8080-exec-1] INFO  c.alibaba.druid.pool.DruidDataSource - {dataSource-1} inited
2021-04-22 18:33:01.038 [SpringContextShutdownHook] INFO  o.s.s.c.ThreadPoolTaskExecutor - Shutting down ExecutorService 'applicationTaskExecutor'
2021-04-22 18:33:01.041 [SpringContextShutdownHook] INFO  c.alibaba.druid.pool.DruidDataSource - {dataSource-1} closed
